[debug] [2023-01-05T06:46:34.065Z] ----------------------------------------------------------------------
[debug] [2023-01-05T06:46:34.068Z] Command:       C:\Program Files\nodejs\node.exe C:\Users\HP\AppData\Roaming\npm\node_modules\firebase-tools\lib\bin\firebase.js deploy
[debug] [2023-01-05T06:46:34.069Z] CLI Version:   11.2.1
[debug] [2023-01-05T06:46:34.069Z] Platform:      win32
[debug] [2023-01-05T06:46:34.069Z] Node Version:  v16.13.1
[debug] [2023-01-05T06:46:34.077Z] Time:          Thu Jan 05 2023 12:46:34 GMT+0600 (Bangladesh Standard Time)
[debug] [2023-01-05T06:46:34.077Z] ----------------------------------------------------------------------
[debug] 
[debug] [2023-01-05T06:46:34.184Z] > command requires scopes: ["email","openid","https://www.googleapis.com/auth/cloudplatformprojects.readonly","https://www.googleapis.com/auth/firebase","https://www.googleapis.com/auth/cloud-platform"]
[debug] [2023-01-05T06:46:34.186Z] > authorizing via signed-in user (abrakib942@gmail.com)
[debug] [2023-01-05T06:46:34.186Z] [iam] checking project easy-schedule-77cce for permissions ["firebase.projects.get","firebasehosting.sites.update"]
[debug] [2023-01-05T06:46:34.190Z] >>> [apiv2][query] POST https://cloudresourcemanager.googleapis.com/v1/projects/easy-schedule-77cce:testIamPermissions [none]
[debug] [2023-01-05T06:46:34.190Z] >>> [apiv2][body] POST https://cloudresourcemanager.googleapis.com/v1/projects/easy-schedule-77cce:testIamPermissions {"permissions":["firebase.projects.get","firebasehosting.sites.update"]}
[debug] [2023-01-05T06:46:41.051Z] <<< [apiv2][status] POST https://cloudresourcemanager.googleapis.com/v1/projects/easy-schedule-77cce:testIamPermissions 200
[debug] [2023-01-05T06:46:41.052Z] <<< [apiv2][body] POST https://cloudresourcemanager.googleapis.com/v1/projects/easy-schedule-77cce:testIamPermissions {}
[debug] [2023-01-05T06:46:41.053Z] [iam] error while checking permissions, command may fail: FirebaseError: Authorization failed. This account is missing the following required permissions on project easy-schedule-77cce:

  firebase.projects.get
  firebasehosting.sites.update
[debug] [2023-01-05T06:46:41.055Z] >>> [apiv2][query] GET https://firebase.googleapis.com/v1beta1/projects/easy-schedule-77cce [none]
[debug] [2023-01-05T06:46:41.867Z] <<< [apiv2][status] GET https://firebase.googleapis.com/v1beta1/projects/easy-schedule-77cce 403
[debug] [2023-01-05T06:46:41.868Z] <<< [apiv2][body] GET https://firebase.googleapis.com/v1beta1/projects/easy-schedule-77cce {"error":{"code":403,"message":"The caller does not have permission","status":"PERMISSION_DENIED"}}
[debug] [2023-01-05T06:46:41.869Z] HTTP Error: 403, The caller does not have permission
[debug] [2023-01-05T06:46:43.743Z] FirebaseError: HTTP Error: 403, The caller does not have permission
    at responseToError (C:\Users\HP\AppData\Roaming\npm\node_modules\firebase-tools\lib\responseToError.js:49:12)
    at RetryOperation._fn (C:\Users\HP\AppData\Roaming\npm\node_modules\firebase-tools\lib\apiv2.js:287:77)
    at processTicksAndRejections (node:internal/process/task_queues:96:5)
[error] 
[error] Error: Failed to get Firebase project easy-schedule-77cce. Please make sure the project exists and your account has permission to access it.
